2022-07-25 08:36:17 - Starting OnlineCustomerServiceCenterApplication using Java 1.8.0_261 on DESKTOP-85A439K with PID 1684 (C:\Users\Anindita Pal\Downloads\OnlineCustomerServiceCenter\OnlineCustomerServiceCenter\target\classes started by Anindita Pal in C:\Users\Anindita Pal\Downloads\OnlineCustomerServiceCenter\OnlineCustomerServiceCenter)
2022-07-25 08:36:17 - No active profile set, falling back to default profiles: default
2022-07-25 08:36:18 - Devtools property defaults active! Set 'spring.devtools.add-properties' to 'false' to disable
2022-07-25 08:36:18 - For additional web related logging consider setting the 'logging.level.web' property to 'DEBUG'
2022-07-25 08:36:20 - Bootstrapping Spring Data JPA repositories in DEFAULT mode.
2022-07-25 08:36:20 - Finished Spring Data repository scanning in 137 ms. Found 5 JPA repository interfaces.
2022-07-25 08:36:22 - Tomcat initialized with port(s): 8821 (http)
2022-07-25 08:36:22 - Starting service [Tomcat]
2022-07-25 08:36:22 - Starting Servlet engine: [Apache Tomcat/9.0.48]
2022-07-25 08:36:22 - Initializing Spring embedded WebApplicationContext
2022-07-25 08:36:22 - Root WebApplicationContext: initialization completed in 3847 ms
2022-07-25 08:36:22 - HHH000204: Processing PersistenceUnitInfo [name: default]
2022-07-25 08:36:22 - HHH000412: Hibernate ORM core version 5.4.32.Final
2022-07-25 08:36:23 - HCANN000001: Hibernate Commons Annotations {5.1.2.Final}
2022-07-25 08:36:23 - HikariPool-1 - Starting...
2022-07-25 08:36:24 - HikariPool-1 - Start completed.
2022-07-25 08:36:24 - HHH000400: Using dialect: org.hibernate.dialect.PostgreSQLDialect
2022-07-25 08:36:26 - HHH000490: Using JtaPlatform implementation: [org.hibernate.engine.transaction.jta.platform.internal.NoJtaPlatform]
2022-07-25 08:36:26 - Initialized JPA EntityManagerFactory for persistence unit 'default'
2022-07-25 08:36:27 - spring.jpa.open-in-view is enabled by default. Therefore, database queries may be performed during view rendering. Explicitly configure spring.jpa.open-in-view to disable this warning
2022-07-25 08:36:27 - Mapped URL path [/v2/api-docs] onto method [springfox.documentation.swagger2.web.Swagger2Controller#getDocumentation(String, HttpServletRequest)]
2022-07-25 08:36:28 - LiveReload server is running on port 35729
2022-07-25 08:36:28 - Tomcat started on port(s): 8821 (http) with context path ''
2022-07-25 08:36:28 - Context refreshed
2022-07-25 08:36:28 - Found 1 custom documentation plugin(s)
2022-07-25 08:36:28 - Scanning for api listing references
2022-07-25 08:36:28 - Generating unique operation named: loginUsingPOST_1
2022-07-25 08:36:29 - Generating unique operation named: findOperatorByIdUsingGET_1
2022-07-25 08:36:29 - Generating unique operation named: loginUsingPOST_2
2022-07-25 08:36:29 - Started OnlineCustomerServiceCenterApplication in 12.172 seconds (JVM running for 13.016)
2022-07-25 08:41:10 - Initializing Spring DispatcherServlet 'dispatcherServlet'
2022-07-25 08:41:10 - Initializing Servlet 'dispatcherServlet'
2022-07-25 08:41:10 - Completed initialization in 4 ms
2022-07-25 09:33:47 - your deparment object is created
2022-07-25 09:35:43 - Now this customer login Id is close
2022-07-25 09:36:57 - Modification mail is sending
2022-07-25 10:40:26 - Intimation mail is sending
2022-07-25 10:47:46 - fetch all operator details
2022-07-25 10:49:53 - fetch all operator details
2022-07-25 10:52:20 - fetch all operator details
2022-07-25 10:53:29 - fetch all operator details
2022-07-25 10:55:02 - fetch all operator details
2022-07-25 10:56:20 - fetch all operator details
2022-07-25 11:02:49 - fetch all operator details
2022-07-25 11:03:42 - fetch all operator details
2022-07-25 11:03:46 - fetch all operator details
2022-07-25 11:04:09 - remove the operator from the database
2022-07-25 11:04:20 - fetch all operator details
2022-07-25 11:06:13 - fetch all operator details
2022-07-25 11:06:19 - fetch all operator details
2022-07-25 11:06:34 - fetch all operator details
2022-07-25 11:06:42 - fetch all operator details
2022-07-25 11:10:50 - fetch all operator details
2022-07-25 11:11:10 - fetch all operator details
2022-07-25 11:11:15 - fetch all operator details
2022-07-25 11:12:10 - fetch all operator details
2022-07-25 11:12:27 - fetch all operator details
2022-07-25 11:12:35 - fetch all operator details
2022-07-25 11:13:24 - fetch all operator details
2022-07-25 11:13:35 - fetch all operator details
2022-07-25 11:13:37 - showing the operator of the particullar departmentId
2022-07-25 11:13:41 - fetch all operator details
2022-07-25 11:14:03 - fetch all operator details
2022-07-25 11:26:58 - fetch all operator details
2022-07-25 11:27:09 - showing the operator of the particullar departmentId
2022-07-25 11:27:16 - modify the operator city
2022-07-25 11:27:17 - fetch all operator details
2022-07-25 11:27:22 - showing the operator of the particullar departmentId
2022-07-25 11:27:24 - fetch all operator details
2022-07-25 11:30:56 - your operator object is created
2022-07-25 11:39:08 - showing the operator of the particullar departmentId
2022-07-25 11:45:20 - fetch all operator details
2022-07-25 11:46:37 - fetch all operator details
2022-07-25 12:54:02 - fetch all Issue details
2022-07-25 12:54:53 - fetch all Issue details
2022-07-25 12:55:39 - fetch all Issue details
2022-07-25 12:55:43 - fetch all Issue details
2022-07-25 12:56:20 - fetch all Issue details
2022-07-25 12:56:23 - Resolved [org.springframework.web.HttpRequestMethodNotSupportedException: Request method 'GET' not supported]
2022-07-25 12:56:24 - Resolved [org.springframework.web.HttpRequestMethodNotSupportedException: Request method 'GET' not supported]
2022-07-25 12:56:29 - Resolved [org.springframework.web.HttpRequestMethodNotSupportedException: Request method 'GET' not supported]
2022-07-25 12:56:30 - Resolved [org.springframework.web.HttpRequestMethodNotSupportedException: Request method 'GET' not supported]
2022-07-25 12:56:30 - Resolved [org.springframework.web.HttpRequestMethodNotSupportedException: Request method 'GET' not supported]
2022-07-25 12:56:30 - Resolved [org.springframework.web.HttpRequestMethodNotSupportedException: Request method 'GET' not supported]
2022-07-25 13:00:31 - fetch all Issue details
2022-07-25 13:02:42 - fetch all Issue details
2022-07-25 13:02:50 - Resolved [org.springframework.web.HttpRequestMethodNotSupportedException: Request method 'GET' not supported]
2022-07-25 13:05:37 - fetch all Issue details
2022-07-25 13:05:41 - Resolved [org.springframework.web.HttpRequestMethodNotSupportedException: Request method 'GET' not supported]
2022-07-25 13:05:47 - Resolved [org.springframework.web.HttpRequestMethodNotSupportedException: Request method 'GET' not supported]
2022-07-25 13:05:48 - Closing JPA EntityManagerFactory for persistence unit 'default'
2022-07-25 13:05:48 - HikariPool-1 - Shutdown initiated...
2022-07-25 13:05:48 - HikariPool-1 - Shutdown completed.
2022-07-25 13:05:49 - Starting OnlineCustomerServiceCenterApplication using Java 1.8.0_261 on DESKTOP-85A439K with PID 1684 (C:\Users\Anindita Pal\Downloads\OnlineCustomerServiceCenter\OnlineCustomerServiceCenter\target\classes started by Anindita Pal in C:\Users\Anindita Pal\Downloads\OnlineCustomerServiceCenter\OnlineCustomerServiceCenter)
2022-07-25 13:05:49 - No active profile set, falling back to default profiles: default
2022-07-25 13:05:50 - Bootstrapping Spring Data JPA repositories in DEFAULT mode.
2022-07-25 13:05:50 - Finished Spring Data repository scanning in 59 ms. Found 5 JPA repository interfaces.
2022-07-25 13:05:51 - Tomcat initialized with port(s): 8821 (http)
2022-07-25 13:05:51 - Starting service [Tomcat]
2022-07-25 13:05:51 - Starting Servlet engine: [Apache Tomcat/9.0.48]
2022-07-25 13:05:51 - Initializing Spring embedded WebApplicationContext
2022-07-25 13:05:51 - Root WebApplicationContext: initialization completed in 1778 ms
2022-07-25 13:05:51 - HHH000204: Processing PersistenceUnitInfo [name: default]
2022-07-25 13:05:51 - HikariPool-2 - Starting...
2022-07-25 13:05:51 - HikariPool-2 - Start completed.
2022-07-25 13:05:51 - HHH000400: Using dialect: org.hibernate.dialect.PostgreSQLDialect
2022-07-25 13:05:52 - HHH000490: Using JtaPlatform implementation: [org.hibernate.engine.transaction.jta.platform.internal.NoJtaPlatform]
2022-07-25 13:05:52 - Initialized JPA EntityManagerFactory for persistence unit 'default'
2022-07-25 13:05:53 - spring.jpa.open-in-view is enabled by default. Therefore, database queries may be performed during view rendering. Explicitly configure spring.jpa.open-in-view to disable this warning
2022-07-25 13:05:53 - Mapped URL path [/v2/api-docs] onto method [springfox.documentation.swagger2.web.Swagger2Controller#getDocumentation(String, HttpServletRequest)]
2022-07-25 13:05:53 - LiveReload server is running on port 35729
2022-07-25 13:05:53 - Tomcat started on port(s): 8821 (http) with context path ''
2022-07-25 13:05:53 - Context refreshed
2022-07-25 13:05:53 - Found 1 custom documentation plugin(s)
2022-07-25 13:05:53 - Scanning for api listing references
2022-07-25 13:05:54 - Generating unique operation named: loginUsingPOST_1
2022-07-25 13:05:54 - Generating unique operation named: findOperatorByIdUsingGET_1
2022-07-25 13:05:54 - Generating unique operation named: loginUsingPOST_2
2022-07-25 13:05:54 - Started OnlineCustomerServiceCenterApplication in 4.85 seconds (JVM running for 16178.135)
2022-07-25 13:05:54 - Condition evaluation unchanged
2022-07-25 13:06:05 - Initializing Spring DispatcherServlet 'dispatcherServlet'
2022-07-25 13:06:05 - Initializing Servlet 'dispatcherServlet'
2022-07-25 13:06:05 - Completed initialization in 4 ms
2022-07-25 13:06:05 - fetch all Issue details
2022-07-25 13:06:25 - fetch all Issue details
2022-07-25 13:06:37 - fetch all Issue details
2022-07-25 13:13:46 - This is the issue details of the particullar CustomerId
2022-07-25 13:35:00 - mail is sennding.....
2022-07-25 15:17:30 - fetch all operator details
2022-07-25 15:17:41 - fetch all operator details
2022-07-25 15:17:51 - showing the operator of the particullar departmentId
2022-07-25 15:17:55 - fetch all operator details
2022-07-25 15:18:13 - showing the operator of the particullar departmentId
2022-07-25 15:18:19 - fetch all Issue details
2022-07-25 15:22:08 - Now this customer login Id is close
2022-07-25 15:23:27 - Modification mail is sending
2022-07-25 15:24:20 - Intimation mail is sending
2022-07-25 15:25:58 - fetch all Issue details
2022-07-25 15:26:15 - fetch all Issue details
2022-07-25 15:26:29 - This is the issue details of the particullar CustomerId
2022-07-25 15:26:55 - mail is sennding.....
2022-07-25 15:27:31 - fetch all Issue details
2022-07-25 15:29:05 - Now your password is updated
2022-07-25 15:29:47 - Now your password is updated
2022-07-25 15:29:47 - Servlet.service() for servlet [dispatcherServlet] in context with path [] threw exception [Request processing failed; nested exception is org.springframework.aop.AopInvocationException: Null return value from advice does not match primitive return type for: public abstract int com.capgemin.OnlineCustomerServiceCenter.repository.CustomerRepository.getCustomerId(int)] with root cause
org.springframework.aop.AopInvocationException: Null return value from advice does not match primitive return type for: public abstract int com.capgemin.OnlineCustomerServiceCenter.repository.CustomerRepository.getCustomerId(int)
	at org.springframework.aop.framework.JdkDynamicAopProxy.invoke(JdkDynamicAopProxy.java:229) ~[spring-aop-5.3.8.jar:5.3.8]
	at com.sun.proxy.$Proxy135.getCustomerId(Unknown Source) ~[na:na]
	at com.capgemin.OnlineCustomerServiceCenter.dao.CustomerDao.changePassword(CustomerDao.java:89) ~[classes/:na]
	at com.capgemin.OnlineCustomerServiceCenter.controller.CustomerController.changePassword(CustomerController.java:61) ~[classes/:na]
	at sun.reflect.NativeMethodAccessorImpl.invoke0(Native Method) ~[na:1.8.0_261]
	at sun.reflect.NativeMethodAccessorImpl.invoke(Unknown Source) ~[na:1.8.0_261]
	at sun.reflect.DelegatingMethodAccessorImpl.invoke(Unknown Source) ~[na:1.8.0_261]
	at java.lang.reflect.Method.invoke(Unknown Source) ~[na:1.8.0_261]
	at org.springframework.web.method.support.InvocableHandlerMethod.doInvoke(InvocableHandlerMethod.java:197) ~[spring-web-5.3.8.jar:5.3.8]
	at org.springframework.web.method.support.InvocableHandlerMethod.invokeForRequest(InvocableHandlerMethod.java:141) ~[spring-web-5.3.8.jar:5.3.8]
	at org.springframework.web.servlet.mvc.method.annotation.ServletInvocableHandlerMethod.invokeAndHandle(ServletInvocableHandlerMethod.java:106) ~[spring-webmvc-5.3.8.jar:5.3.8]
	at org.springframework.web.servlet.mvc.method.annotation.RequestMappingHandlerAdapter.invokeHandlerMethod(RequestMappingHandlerAdapter.java:894) ~[spring-webmvc-5.3.8.jar:5.3.8]
	at org.springframework.web.servlet.mvc.method.annotation.RequestMappingHandlerAdapter.handleInternal(RequestMappingHandlerAdapter.java:808) ~[spring-webmvc-5.3.8.jar:5.3.8]
	at org.springframework.web.servlet.mvc.method.AbstractHandlerMethodAdapter.handle(AbstractHandlerMethodAdapter.java:87) ~[spring-webmvc-5.3.8.jar:5.3.8]
	at org.springframework.web.servlet.DispatcherServlet.doDispatch(DispatcherServlet.java:1063) ~[spring-webmvc-5.3.8.jar:5.3.8]
	at org.springframework.web.servlet.DispatcherServlet.doService(DispatcherServlet.java:963) ~[spring-webmvc-5.3.8.jar:5.3.8]
	at org.springframework.web.servlet.FrameworkServlet.processRequest(FrameworkServlet.java:1006) ~[spring-webmvc-5.3.8.jar:5.3.8]
	at org.springframework.web.servlet.FrameworkServlet.doPut(FrameworkServlet.java:920) ~[spring-webmvc-5.3.8.jar:5.3.8]
	at javax.servlet.http.HttpServlet.service(HttpServlet.java:684) ~[tomcat-embed-core-9.0.48.jar:4.0.FR]
	at org.springframework.web.servlet.FrameworkServlet.service(FrameworkServlet.java:883) ~[spring-webmvc-5.3.8.jar:5.3.8]
	at javax.servlet.http.HttpServlet.service(HttpServlet.java:764) ~[tomcat-embed-core-9.0.48.jar:4.0.FR]
	at org.apache.catalina.core.ApplicationFilterChain.internalDoFilter(ApplicationFilterChain.java:228) ~[tomcat-embed-core-9.0.48.jar:9.0.48]
	at org.apache.catalina.core.ApplicationFilterChain.doFilter(ApplicationFilterChain.java:163) ~[tomcat-embed-core-9.0.48.jar:9.0.48]
	at org.apache.tomcat.websocket.server.WsFilter.doFilter(WsFilter.java:53) ~[tomcat-embed-websocket-9.0.48.jar:9.0.48]
	at org.apache.catalina.core.ApplicationFilterChain.internalDoFilter(ApplicationFilterChain.java:190) ~[tomcat-embed-core-9.0.48.jar:9.0.48]
	at org.apache.catalina.core.ApplicationFilterChain.doFilter(ApplicationFilterChain.java:163) ~[tomcat-embed-core-9.0.48.jar:9.0.48]
	at org.springframework.web.filter.RequestContextFilter.doFilterInternal(RequestContextFilter.java:100) ~[spring-web-5.3.8.jar:5.3.8]
	at org.springframework.web.filter.OncePerRequestFilter.doFilter(OncePerRequestFilter.java:119) ~[spring-web-5.3.8.jar:5.3.8]
	at org.apache.catalina.core.ApplicationFilterChain.internalDoFilter(ApplicationFilterChain.java:190) ~[tomcat-embed-core-9.0.48.jar:9.0.48]
	at org.apache.catalina.core.ApplicationFilterChain.doFilter(ApplicationFilterChain.java:163) ~[tomcat-embed-core-9.0.48.jar:9.0.48]
	at org.springframework.web.filter.FormContentFilter.doFilterInternal(FormContentFilter.java:93) ~[spring-web-5.3.8.jar:5.3.8]
	at org.springframework.web.filter.OncePerRequestFilter.doFilter(OncePerRequestFilter.java:119) ~[spring-web-5.3.8.jar:5.3.8]
	at org.apache.catalina.core.ApplicationFilterChain.internalDoFilter(ApplicationFilterChain.java:190) ~[tomcat-embed-core-9.0.48.jar:9.0.48]
	at org.apache.catalina.core.ApplicationFilterChain.doFilter(ApplicationFilterChain.java:163) ~[tomcat-embed-core-9.0.48.jar:9.0.48]
	at org.springframework.web.filter.CharacterEncodingFilter.doFilterInternal(CharacterEncodingFilter.java:201) ~[spring-web-5.3.8.jar:5.3.8]
	at org.springframework.web.filter.OncePerRequestFilter.doFilter(OncePerRequestFilter.java:119) ~[spring-web-5.3.8.jar:5.3.8]
	at org.apache.catalina.core.ApplicationFilterChain.internalDoFilter(ApplicationFilterChain.java:190) ~[tomcat-embed-core-9.0.48.jar:9.0.48]
	at org.apache.catalina.core.ApplicationFilterChain.doFilter(ApplicationFilterChain.java:163) ~[tomcat-embed-core-9.0.48.jar:9.0.48]
	at org.apache.catalina.core.StandardWrapperValve.invoke(StandardWrapperValve.java:202) ~[tomcat-embed-core-9.0.48.jar:9.0.48]
	at org.apache.catalina.core.StandardContextValve.invoke(StandardContextValve.java:97) [tomcat-embed-core-9.0.48.jar:9.0.48]
	at org.apache.catalina.authenticator.AuthenticatorBase.invoke(AuthenticatorBase.java:542) [tomcat-embed-core-9.0.48.jar:9.0.48]
	at org.apache.catalina.core.StandardHostValve.invoke(StandardHostValve.java:143) [tomcat-embed-core-9.0.48.jar:9.0.48]
	at org.apache.catalina.valves.ErrorReportValve.invoke(ErrorReportValve.java:92) [tomcat-embed-core-9.0.48.jar:9.0.48]
	at org.apache.catalina.core.StandardEngineValve.invoke(StandardEngineValve.java:78) [tomcat-embed-core-9.0.48.jar:9.0.48]
	at org.apache.catalina.connector.CoyoteAdapter.service(CoyoteAdapter.java:357) [tomcat-embed-core-9.0.48.jar:9.0.48]
	at org.apache.coyote.http11.Http11Processor.service(Http11Processor.java:382) [tomcat-embed-core-9.0.48.jar:9.0.48]
	at org.apache.coyote.AbstractProcessorLight.process(AbstractProcessorLight.java:65) [tomcat-embed-core-9.0.48.jar:9.0.48]
	at org.apache.coyote.AbstractProtocol$ConnectionHandler.process(AbstractProtocol.java:893) [tomcat-embed-core-9.0.48.jar:9.0.48]
	at org.apache.tomcat.util.net.NioEndpoint$SocketProcessor.doRun(NioEndpoint.java:1723) [tomcat-embed-core-9.0.48.jar:9.0.48]
	at org.apache.tomcat.util.net.SocketProcessorBase.run(SocketProcessorBase.java:49) [tomcat-embed-core-9.0.48.jar:9.0.48]
	at java.util.concurrent.ThreadPoolExecutor.runWorker(Unknown Source) [na:1.8.0_261]
	at java.util.concurrent.ThreadPoolExecutor$Worker.run(Unknown Source) [na:1.8.0_261]
	at org.apache.tomcat.util.threads.TaskThread$WrappingRunnable.run(TaskThread.java:61) [tomcat-embed-core-9.0.48.jar:9.0.48]
	at java.lang.Thread.run(Unknown Source) [na:1.8.0_261]
2022-07-25 15:29:59 - Now your password is updated
2022-07-25 15:33:30 - Closing JPA EntityManagerFactory for persistence unit 'default'
2022-07-25 15:33:30 - HikariPool-2 - Shutdown initiated...
2022-07-25 15:33:30 - HikariPool-2 - Shutdown completed.
2022-07-25 15:33:31 - Starting OnlineCustomerServiceCenterApplication using Java 1.8.0_261 on DESKTOP-85A439K with PID 1684 (C:\Users\Anindita Pal\Downloads\OnlineCustomerServiceCenter\OnlineCustomerServiceCenter\target\classes started by Anindita Pal in C:\Users\Anindita Pal\Downloads\OnlineCustomerServiceCenter\OnlineCustomerServiceCenter)
2022-07-25 15:33:31 - No active profile set, falling back to default profiles: default
2022-07-25 15:33:32 - Bootstrapping Spring Data JPA repositories in DEFAULT mode.
2022-07-25 15:33:32 - Finished Spring Data repository scanning in 47 ms. Found 5 JPA repository interfaces.
2022-07-25 15:33:33 - Tomcat initialized with port(s): 8821 (http)
2022-07-25 15:33:33 - Starting service [Tomcat]
2022-07-25 15:33:33 - Starting Servlet engine: [Apache Tomcat/9.0.48]
2022-07-25 15:33:33 - Initializing Spring embedded WebApplicationContext
2022-07-25 15:33:33 - Root WebApplicationContext: initialization completed in 1809 ms
2022-07-25 15:33:33 - HHH000204: Processing PersistenceUnitInfo [name: default]
2022-07-25 15:33:33 - HikariPool-3 - Starting...
2022-07-25 15:33:34 - HikariPool-3 - Start completed.
2022-07-25 15:33:34 - HHH000400: Using dialect: org.hibernate.dialect.PostgreSQLDialect
2022-07-25 15:33:34 - HHH000490: Using JtaPlatform implementation: [org.hibernate.engine.transaction.jta.platform.internal.NoJtaPlatform]
2022-07-25 15:33:34 - Initialized JPA EntityManagerFactory for persistence unit 'default'
2022-07-25 15:33:35 - spring.jpa.open-in-view is enabled by default. Therefore, database queries may be performed during view rendering. Explicitly configure spring.jpa.open-in-view to disable this warning
2022-07-25 15:33:35 - Mapped URL path [/v2/api-docs] onto method [springfox.documentation.swagger2.web.Swagger2Controller#getDocumentation(String, HttpServletRequest)]
2022-07-25 15:33:35 - LiveReload server is running on port 35729
2022-07-25 15:33:35 - Tomcat started on port(s): 8821 (http) with context path ''
2022-07-25 15:33:35 - Context refreshed
2022-07-25 15:33:35 - Found 1 custom documentation plugin(s)
2022-07-25 15:33:35 - Scanning for api listing references
2022-07-25 15:33:35 - Generating unique operation named: loginUsingPOST_1
2022-07-25 15:33:36 - Generating unique operation named: findOperatorByIdUsingGET_1
2022-07-25 15:33:36 - Generating unique operation named: loginUsingPOST_2
2022-07-25 15:33:36 - Started OnlineCustomerServiceCenterApplication in 4.738 seconds (JVM running for 25039.904)
2022-07-25 15:33:36 - Condition evaluation unchanged
2022-07-25 15:34:13 - Closing JPA EntityManagerFactory for persistence unit 'default'
2022-07-25 15:34:13 - HikariPool-3 - Shutdown initiated...
2022-07-25 15:34:13 - HikariPool-3 - Shutdown completed.
2022-07-25 15:34:13 - Starting OnlineCustomerServiceCenterApplication using Java 1.8.0_261 on DESKTOP-85A439K with PID 1684 (C:\Users\Anindita Pal\Downloads\OnlineCustomerServiceCenter\OnlineCustomerServiceCenter\target\classes started by Anindita Pal in C:\Users\Anindita Pal\Downloads\OnlineCustomerServiceCenter\OnlineCustomerServiceCenter)
2022-07-25 15:34:13 - No active profile set, falling back to default profiles: default
2022-07-25 15:34:14 - Bootstrapping Spring Data JPA repositories in DEFAULT mode.
2022-07-25 15:34:14 - Finished Spring Data repository scanning in 42 ms. Found 5 JPA repository interfaces.
2022-07-25 15:34:14 - Tomcat initialized with port(s): 8821 (http)
2022-07-25 15:34:14 - Starting service [Tomcat]
2022-07-25 15:34:14 - Starting Servlet engine: [Apache Tomcat/9.0.48]
2022-07-25 15:34:14 - Initializing Spring embedded WebApplicationContext
2022-07-25 15:34:14 - Root WebApplicationContext: initialization completed in 869 ms
2022-07-25 15:34:14 - HHH000204: Processing PersistenceUnitInfo [name: default]
2022-07-25 15:34:14 - HikariPool-4 - Starting...
2022-07-25 15:34:15 - HikariPool-4 - Start completed.
2022-07-25 15:34:15 - HHH000400: Using dialect: org.hibernate.dialect.PostgreSQLDialect
2022-07-25 15:34:15 - HHH000490: Using JtaPlatform implementation: [org.hibernate.engine.transaction.jta.platform.internal.NoJtaPlatform]
2022-07-25 15:34:15 - Initialized JPA EntityManagerFactory for persistence unit 'default'
2022-07-25 15:34:16 - spring.jpa.open-in-view is enabled by default. Therefore, database queries may be performed during view rendering. Explicitly configure spring.jpa.open-in-view to disable this warning
2022-07-25 15:34:16 - Mapped URL path [/v2/api-docs] onto method [springfox.documentation.swagger2.web.Swagger2Controller#getDocumentation(String, HttpServletRequest)]
2022-07-25 15:34:16 - LiveReload server is running on port 35729
2022-07-25 15:34:16 - Tomcat started on port(s): 8821 (http) with context path ''
2022-07-25 15:34:16 - Context refreshed
2022-07-25 15:34:16 - Found 1 custom documentation plugin(s)
2022-07-25 15:34:16 - Scanning for api listing references
2022-07-25 15:34:16 - Generating unique operation named: loginUsingPOST_1
2022-07-25 15:34:17 - Generating unique operation named: findOperatorByIdUsingGET_1
2022-07-25 15:34:17 - Generating unique operation named: loginUsingPOST_2
2022-07-25 15:34:17 - Started OnlineCustomerServiceCenterApplication in 3.187 seconds (JVM running for 25080.912)
2022-07-25 15:34:17 - Condition evaluation unchanged
2022-07-25 15:35:25 - Closing JPA EntityManagerFactory for persistence unit 'default'
2022-07-25 15:35:25 - HikariPool-4 - Shutdown initiated...
2022-07-25 15:35:25 - HikariPool-4 - Shutdown completed.
2022-07-25 15:35:25 - Starting OnlineCustomerServiceCenterApplication using Java 1.8.0_261 on DESKTOP-85A439K with PID 1684 (C:\Users\Anindita Pal\Downloads\OnlineCustomerServiceCenter\OnlineCustomerServiceCenter\target\classes started by Anindita Pal in C:\Users\Anindita Pal\Downloads\OnlineCustomerServiceCenter\OnlineCustomerServiceCenter)
2022-07-25 15:35:25 - No active profile set, falling back to default profiles: default
2022-07-25 15:35:25 - Bootstrapping Spring Data JPA repositories in DEFAULT mode.
2022-07-25 15:35:26 - Finished Spring Data repository scanning in 59 ms. Found 5 JPA repository interfaces.
2022-07-25 15:35:26 - Tomcat initialized with port(s): 8821 (http)
2022-07-25 15:35:26 - Starting service [Tomcat]
2022-07-25 15:35:26 - Starting Servlet engine: [Apache Tomcat/9.0.48]
2022-07-25 15:35:26 - Initializing Spring embedded WebApplicationContext
2022-07-25 15:35:26 - Root WebApplicationContext: initialization completed in 937 ms
2022-07-25 15:35:26 - HHH000204: Processing PersistenceUnitInfo [name: default]
2022-07-25 15:35:26 - HikariPool-5 - Starting...
2022-07-25 15:35:26 - HikariPool-5 - Start completed.
2022-07-25 15:35:26 - HHH000400: Using dialect: org.hibernate.dialect.PostgreSQLDialect
2022-07-25 15:35:26 - HHH000490: Using JtaPlatform implementation: [org.hibernate.engine.transaction.jta.platform.internal.NoJtaPlatform]
2022-07-25 15:35:26 - Initialized JPA EntityManagerFactory for persistence unit 'default'
2022-07-25 15:35:27 - spring.jpa.open-in-view is enabled by default. Therefore, database queries may be performed during view rendering. Explicitly configure spring.jpa.open-in-view to disable this warning
2022-07-25 15:35:27 - Mapped URL path [/v2/api-docs] onto method [springfox.documentation.swagger2.web.Swagger2Controller#getDocumentation(String, HttpServletRequest)]
2022-07-25 15:35:27 - LiveReload server is running on port 35729
2022-07-25 15:35:27 - Tomcat started on port(s): 8821 (http) with context path ''
2022-07-25 15:35:27 - Context refreshed
2022-07-25 15:35:27 - Found 1 custom documentation plugin(s)
2022-07-25 15:35:27 - Scanning for api listing references
2022-07-25 15:35:27 - Generating unique operation named: loginUsingPOST_1
2022-07-25 15:35:27 - Generating unique operation named: findOperatorByIdUsingGET_1
2022-07-25 15:35:27 - Generating unique operation named: loginUsingPOST_2
2022-07-25 15:35:27 - Started OnlineCustomerServiceCenterApplication in 2.486 seconds (JVM running for 25151.62)
2022-07-25 15:35:27 - Condition evaluation unchanged
2022-07-25 15:37:05 - Initializing Spring DispatcherServlet 'dispatcherServlet'
2022-07-25 15:37:05 - Initializing Servlet 'dispatcherServlet'
2022-07-25 15:37:05 - Completed initialization in 1 ms
2022-07-25 15:37:27 - Now your password is updated
2022-07-25 15:46:25 - Now your password is updated
2022-07-25 15:46:49 - Now your password is updated
2022-07-25 15:47:53 - Now your password is updated
2022-07-25 15:49:46 - Now your password is updated
2022-07-25 16:07:18 - fetch all operator details
